<?xml version="1.0" encoding="UTF-8"?>
<!-- Generated by org.testng.reporters.JUnitReportReporter -->
<testsuite hostname="Lenovo" failures="0" tests="1" name="com.Testcases.PDP" time="16.468" errors="0" timestamp="2023-01-17T17:55:15 IST" skipped="0">
  <testcase classname="com.Testcases.PDP" name="Login" time="16.468"/>
  <system-out/>
</testsuite> <!-- com.Testcases.PDP -->
