<?xml version="1.0" encoding="UTF-8"?>
<!-- Generated by org.testng.reporters.JUnitReportReporter -->
<testsuite hostname="Lenovo" failures="0" tests="1" name="com.Testcases.Login" time="16.274" errors="0" timestamp="2023-01-17T17:44:44 IST" skipped="0">
  <testcase classname="com.Testcases.Login" name="Login" time="16.274"/>
  <system-out/>
</testsuite> <!-- com.Testcases.Login -->
